\BOOKMARK [0][-]{section*.1}{\376\377\000\315\000n\000d\000i\000c\000e\000\040\000g\000e\000n\000e\000r\000a\000l}{}% 1
\BOOKMARK [0][-]{section*.2}{\376\377\000\315\000n\000d\000i\000c\000e\000\040\000d\000e\000\040\000f\000i\000g\000u\000r\000a\000s}{}% 2
\BOOKMARK [0][-]{section*.3}{\376\377\000\315\000n\000d\000i\000c\000e\000\040\000d\000e\000\040\000t\000a\000b\000l\000a\000s}{}% 3
\BOOKMARK [-1][-]{section*.3}{\376\377\000M\000e\000m\000o\000r\000i\000a}{}% 4
\BOOKMARK [0][-]{chapter*.6}{\376\377\0001\000.\000\040\000I\000n\000t\000r\000o\000d\000u\000c\000c\000i\000\363\000n}{section*.3}% 5
\BOOKMARK [1][-]{section.1.1}{\376\377\000C\000o\000n\000t\000e\000x\000t\000o}{chapter*.6}% 6
\BOOKMARK [1][-]{section.1.2}{\376\377\000O\000b\000j\000e\000t\000i\000v\000o\000s}{chapter*.6}% 7
\BOOKMARK [1][-]{section.1.3}{\376\377\000N\000i\000c\000h\000o\000\040\000d\000e\000\040\000m\000e\000r\000c\000a\000d\000o}{chapter*.6}% 8
\BOOKMARK [1][-]{section.1.4}{\376\377\000E\000s\000t\000r\000u\000c\000t\000u\000r\000a\000\040\000d\000e\000\040\000l\000a\000\040\000m\000e\000m\000o\000r\000i\000a}{chapter*.6}% 9
\BOOKMARK [0][-]{chapter*.7}{\376\377\0002\000.\000\040\000M\000e\000t\000o\000d\000o\000l\000o\000g\000\355\000a\000\040\000y\000\040\000p\000l\000a\000n\000i\000f\000i\000c\000a\000c\000i\000\363\000n}{section*.3}% 10
\BOOKMARK [1][-]{section.2.1}{\376\377\000M\000e\000t\000o\000d\000o\000l\000o\000g\000\355\000a\000\040\000e\000n\000\040\000c\000a\000s\000c\000a\000d\000a}{chapter*.7}% 11
\BOOKMARK [1][-]{section.2.2}{\376\377\000P\000l\000a\000n\000i\000f\000i\000c\000a\000c\000i\000\363\000n\000\040\000i\000n\000i\000c\000i\000a\000l\000\040\000d\000e\000l\000\040\000p\000r\000o\000y\000e\000c\000t\000o}{chapter*.7}% 12
\BOOKMARK [1][-]{section.2.3}{\376\377\000D\000i\000a\000g\000r\000a\000m\000a\000\040\000d\000e\000\040\000G\000a\000n\000t\000t\000\040\000i\000n\000i\000c\000i\000a\000l\000\040\000d\000e\000l\000\040\000p\000r\000o\000y\000e\000c\000t\000o}{chapter*.7}% 13
\BOOKMARK [1][-]{section.2.4}{\376\377\000P\000l\000a\000n\000i\000f\000i\000c\000a\000c\000i\000\363\000n\000\040\000i\000n\000i\000c\000i\000a\000l\000\040\000d\000e\000l\000\040\000p\000r\000o\000y\000e\000c\000t\000o}{chapter*.7}% 14
\BOOKMARK [1][-]{section.2.5}{\376\377\000P\000l\000a\000n\000\040\000d\000e\000\040\000R\000i\000e\000s\000g\000o\000s}{chapter*.7}% 15
\BOOKMARK [1][-]{section.2.6}{\376\377\000P\000l\000a\000n\000i\000f\000i\000c\000a\000c\000i\000\363\000n\000\040\000f\000i\000n\000a\000l\000\040\000d\000e\000l\000\040\000p\000r\000o\000y\000e\000c\000t\000o}{chapter*.7}% 16
\BOOKMARK [1][-]{section.2.7}{\376\377\000P\000l\000a\000n\000\040\000d\000e\000\040\000P\000r\000e\000s\000u\000p\000u\000e\000s\000t\000o}{chapter*.7}% 17
\BOOKMARK [0][-]{chapter*.13}{\376\377\0003\000.\000\040\000C\000o\000n\000c\000e\000p\000t\000o\000s\000\040\000t\000e\000\363\000r\000i\000c\000o\000s}{section*.3}% 18
\BOOKMARK [1][-]{section.3.1}{\376\377\000T\000e\000r\000m\000i\000n\000o\000l\000o\000g\000\355\000a\000\040\000e\000m\000p\000l\000e\000a\000d\000a}{chapter*.13}% 19
\BOOKMARK [1][-]{section.3.2}{\376\377\000F\000o\000r\000m\000a\000s\000\040\000d\000e\000\040\000a\000d\000a\000p\000t\000a\000c\000i\000\363\000n\000\040\000d\000e\000\040\000u\000n\000\040\000m\000o\000d\000e\000l\000o\000\040\000a\000l\000\040\000c\000o\000n\000t\000e\000x\000t\000o}{chapter*.13}% 20
\BOOKMARK [0][-]{chapter*.31}{\376\377\0004\000.\000\040\000A\000l\000t\000e\000r\000n\000a\000t\000i\000v\000a\000s\000\040\000d\000e\000\040\000d\000i\000f\000e\000r\000e\000n\000t\000e\000s\000\040\000I\000A\000\264\000s}{section*.3}% 21
\BOOKMARK [1][-]{section.4.1}{\376\377\000D\000e\000s\000c\000r\000i\000p\000c\000i\000\363\000n\000\040\000d\000e\000l\000\040\000p\000r\000o\000b\000l\000e\000m\000a}{chapter*.31}% 22
\BOOKMARK [1][-]{section.4.2}{\376\377\000B\000\372\000s\000q\000u\000e\000d\000a\000\040\000d\000e\000\040\000m\000o\000d\000e\000l\000o\000s}{chapter*.31}% 23
\BOOKMARK [0][-]{chapter*.51}{\376\377\0007\000.\000\040\000S\000e\000l\000e\000c\000c\000i\000\363\000n\000\040\000d\000e\000\040\000m\000o\000d\000e\000l\000o\000\040\000y\000\040\000p\000r\000o\000c\000e\000s\000o\000\040\000d\000e\000\040\000a\000d\000a\000p\000t\000a\000c\000i\000\363\000n}{section*.3}% 24
\BOOKMARK [0][-]{chapter*.57}{\376\377\0006\000.\000\040\000D\000a\000t\000a\000s\000e\000t\000\040\000p\000a\000r\000a\000\040\000r\000e\000e\000n\000t\000r\000e\000n\000a\000r\000\040\000e\000l\000\040\000m\000o\000d\000e\000l\000o\000\040\000y\000\040\000f\000r\000o\000n\000t\000a\000l}{section*.3}% 25
\BOOKMARK [1][-]{section.6.1}{\376\377\000O\000b\000t\000e\000n\000c\000i\000o\000n\000\040\000d\000e\000\040\000l\000o\000s\000\040\000d\000a\000t\000o\000s\000\040\000d\000e\000\040\000e\000n\000t\000r\000e\000n\000a\000m\000i\000e\000n\000t\000o}{chapter*.57}% 26
\BOOKMARK [1][-]{section.6.2}{\376\377\000E\000s\000t\000r\000u\000c\000t\000u\000r\000a\000\040\000d\000e\000l\000\040\000c\000o\000n\000j\000u\000n\000t\000o\000\040\000d\000e\000\040\000e\000n\000t\000r\000e\000n\000a\000m\000i\000e\000n\000t\000o}{chapter*.57}% 27
\BOOKMARK [0][-]{chapter*.61}{\376\377\0008\000.\000\040\000T\000e\000c\000n\000o\000l\000o\000g\000\355\000a\000s\000\040\000u\000t\000i\000l\000i\000z\000a\000d\000a\000s}{section*.3}% 28
\BOOKMARK [1][-]{section.8.1}{\376\377\000P\000y\000t\000h\000o\000n}{chapter*.61}% 29
\BOOKMARK [1][-]{section.8.2}{\376\377\000U\000n\000s\000l\000o\000t\000h}{chapter*.61}% 30
\BOOKMARK [1][-]{section.8.3}{\376\377\000D\000i\000s\000c\000o\000r\000d}{chapter*.61}% 31
\BOOKMARK [1][-]{section.8.4}{\376\377\000G\000a\000n\000t\000t\000P\000r\000o\000j\000e\000c\000t}{chapter*.61}% 32
\BOOKMARK [1][-]{section.8.5}{\376\377\000O\000v\000e\000r\000l\000e\000a\000f}{chapter*.61}% 33
\BOOKMARK [1][-]{section.8.6}{\376\377\000M\000o\000d\000e\000l\000o\000\040\000d\000e\000\040\000g\000r\000a\000n\000\040\000l\000e\000n\000g\000u\000a\000j\000e}{chapter*.61}% 34
\BOOKMARK [1][-]{section.8.7}{\376\377\000U\000s\000o\000\040\000d\000e\000l\000\040\000m\000o\000d\000e\000l\000o}{chapter*.61}% 35
\BOOKMARK [0][-]{chapter*.62}{\376\377\0009\000.\000\040\000C\000o\000n\000c\000l\000u\000s\000i\000o\000n\000e\000s\000\040\000y\000\040\000L\000\355\000n\000e\000a\000s\000\040\000d\000e\000\040\000t\000r\000a\000b\000a\000j\000o\000\040\000f\000u\000t\000u\000r\000a\000s}{section*.3}% 36
\BOOKMARK [1][-]{section.9.1}{\376\377\000C\000o\000n\000c\000l\000u\000s\000i\000o\000n\000e\000s\000\040\000g\000e\000n\000e\000r\000a\000l\000e\000s}{chapter*.62}% 37
\BOOKMARK [1][-]{section.9.2}{\376\377\000L\000i\000m\000i\000t\000a\000c\000i\000o\000n\000e\000s\000\040\000e\000n\000c\000o\000n\000t\000r\000a\000d\000a\000s}{chapter*.62}% 38
\BOOKMARK [1][-]{section.9.3}{\376\377\000L\000i\000n\000e\000a\000s\000\040\000d\000e\000\040\000t\000r\000a\000b\000a\000j\000o\000\040\000f\000u\000t\000u\000r\000a\000s}{chapter*.62}% 39
\BOOKMARK [-1][-]{section.9.3}{\376\377\000A\000p\000\351\000n\000d\000i\000c\000e\000s}{}% 40
\BOOKMARK [0][-]{appendix.Alph1}{\376\377\000E\000s\000p\000e\000c\000i\000f\000i\000c\000a\000c\000i\000\363\000n\000\040\000d\000e\000\040\000R\000e\000q\000u\000i\000s\000i\000t\000o\000s}{section.9.3}% 41
\BOOKMARK [1][-]{section.Alph1.1}{\376\377\000I\000n\000t\000r\000o\000d\000u\000c\000c\000i\000\363\000n}{appendix.Alph1}% 42
\BOOKMARK [1][-]{section.Alph1.2}{\376\377\000O\000b\000j\000e\000t\000i\000v\000o\000s\000\040\000g\000e\000n\000e\000r\000a\000l\000e\000s}{appendix.Alph1}% 43
\BOOKMARK [1][-]{section.Alph1.3}{\376\377\000C\000a\000t\000a\000l\000o\000g\000o\000\040\000d\000e\000\040\000r\000e\000q\000u\000i\000s\000i\000t\000o\000s}{appendix.Alph1}% 44
\BOOKMARK [1][-]{section.Alph1.4}{\376\377\000E\000s\000p\000e\000c\000i\000f\000i\000c\000a\000c\000i\000\363\000n\000\040\000d\000e\000\040\000r\000e\000q\000u\000i\000s\000i\000t\000o\000s}{appendix.Alph1}% 45
\BOOKMARK [0][-]{appendix.Alph2}{\376\377\000E\000s\000p\000e\000c\000i\000f\000i\000c\000a\000c\000i\000\363\000n\000\040\000d\000e\000\040\000d\000i\000s\000e\000\361\000o}{section.9.3}% 46
\BOOKMARK [1][-]{section.Alph2.1}{\376\377\000I\000n\000t\000r\000o\000d\000u\000c\000c\000i\000\363\000n}{appendix.Alph2}% 47
\BOOKMARK [1][-]{section.Alph2.2}{\376\377\000D\000i\000s\000e\000\361\000o\000\040\000d\000e\000\040\000d\000a\000t\000o\000s}{appendix.Alph2}% 48
\BOOKMARK [1][-]{section.Alph2.3}{\376\377\000D\000i\000s\000e\000\361\000o\000\040\000p\000r\000o\000c\000e\000d\000i\000m\000e\000n\000t\000a\000l}{appendix.Alph2}% 49
\BOOKMARK [1][-]{section.Alph2.4}{\376\377\000D\000i\000s\000e\000\361\000o\000\040\000a\000r\000q\000u\000i\000t\000e\000c\000t\000\363\000n\000i\000c\000o}{appendix.Alph2}% 50
\BOOKMARK [0][-]{appendix.Alph3}{\376\377\000D\000o\000c\000u\000m\000e\000n\000t\000a\000c\000i\000\363\000n\000\040\000d\000e\000\040\000u\000s\000u\000a\000r\000i\000o}{section.9.3}% 51
\BOOKMARK [1][-]{section.Alph3.1}{\376\377\000I\000n\000t\000r\000o\000d\000u\000c\000c\000i\000\363\000n}{appendix.Alph3}% 52
\BOOKMARK [1][-]{section.Alph3.2}{\376\377\000R\000e\000q\000u\000i\000s\000i\000t\000o\000s\000\040\000d\000e\000\040\000u\000s\000u\000a\000r\000i\000o\000s}{appendix.Alph3}% 53
\BOOKMARK [1][-]{section.Alph3.3}{\376\377\000I\000n\000s\000t\000a\000l\000a\000c\000i\000\363\000n}{appendix.Alph3}% 54
\BOOKMARK [1][-]{section.Alph3.4}{\376\377\000M\000a\000n\000u\000a\000l\000\040\000d\000e\000l\000\040\000u\000s\000u\000a\000r\000i\000o}{appendix.Alph3}% 55
\BOOKMARK [0][-]{appendix*.65}{\376\377\000B\000i\000b\000l\000i\000o\000g\000r\000a\000f\000\355\000a}{section.9.3}% 56
